#
# A fatal error has been detected by the Java Runtime Environment:
#
#  Internal Error (javaCalls.cpp:51), pid=9276, tid=0x0000000000001eb0
#  guarantee(thread->is_Java_thread()) failed: crucial check - the VM thread cannot and must not escape to Java code
#
# JRE version: Java(TM) SE Runtime Environment (8.0_111-b14) (build 1.8.0_111-b14)
# Java VM: Java HotSpot(TM) 64-Bit Server VM (25.111-b14 mixed mode windows-amd64 compressed oops)
# Failed to write core dump. Minidumps are not enabled by default on client versions of Windows
#
# If you would like to submit a bug report, please visit:
#   http://bugreport.java.com/bugreport/crash.jsp
#

---------------  T H R E A D  ---------------

Current thread (0x0000000017198000):  VMThread [stack: 0x0000000018240000,0x0000000018340000] [id=7856]

Stack: [0x0000000018240000,0x0000000018340000]
[error occurred during error reporting (printing stack bounds), id 0xc0000005]

Native frames: (J=compiled Java code, j=interpreted, Vv=VM code, C=native code)

VM_Operation (0x000000001894f1b0): GetOrSetLocal, mode: safepoint, requested by thread 0x00000000171d7000


---------------  P R O C E S S  ---------------

Java Threads: ( => current thread )
  0x000000001722e800 JavaThread "Service Thread" daemon [_thread_blocked, id=1916, stack(0x00000000195b0000,0x00000000196b0000)]
  0x00000000171fc800 JavaThread "C1 CompilerThread2" daemon [_thread_blocked, id=1016, stack(0x00000000190b0000,0x00000000191b0000)]
  0x00000000171fc000 JavaThread "C2 CompilerThread1" daemon [_thread_blocked, id=3416, stack(0x0000000018fb0000,0x00000000190b0000)]
  0x00000000171f3000 JavaThread "C2 CompilerThread0" daemon [_thread_blocked, id=8044, stack(0x0000000018eb0000,0x0000000018fb0000)]
  0x00000000171e8800 JavaThread "JDWP Command Reader" daemon [_thread_in_native, id=8848, stack(0x0000000018db0000,0x0000000018eb0000)]
  0x00000000171e6000 JavaThread "JDWP Event Helper Thread" daemon [_thread_blocked, id=8312, stack(0x0000000018cb0000,0x0000000018db0000)]
  0x00000000171d7000 JavaThread "JDWP Transport Listener: dt_socket" daemon [_thread_blocked, id=4388, stack(0x0000000018850000,0x0000000018950000)]
  0x00000000171ce000 JavaThread "Attach Listener" daemon [_thread_blocked, id=10464, stack(0x0000000018740000,0x0000000018840000)]
  0x00000000171cd000 JavaThread "Signal Dispatcher" daemon [_thread_blocked, id=2908, stack(0x0000000018640000,0x0000000018740000)]
  0x00000000171ba800 JavaThread "Finalizer" daemon [_thread_blocked, id=8628, stack(0x0000000018440000,0x0000000018540000)]
  0x0000000002601000 JavaThread "Reference Handler" daemon [_thread_blocked, id=4352, stack(0x0000000018340000,0x0000000018440000)]
  0x000000000240e000 JavaThread "main" [_thread_blocked, id=4972, stack(0x0000000002410000,0x0000000002510000)]

Other Threads:
=>0x0000000017198000 VMThread [stack: 0x0000000018240000,0x0000000018340000] [id=7856]
  0x0000000019211000 WatcherThread [stack: 0x00000000196b0000,0x00000000197b0000] [id=4896]

VM state:at safepoint (normal execution)

VM Mutex/Monitor currently owned by a thread:  ([mutex/lock_event])
[0x000000000240d4b0] Threads_lock - owner thread: 0x0000000017198000

Heap:
 PSYoungGen      total 38400K, used 5597K [0x00000000d5b80000, 0x00000000d8600000, 0x0000000100000000)
  eden space 33280K, 16% used [0x00000000d5b80000,0x00000000d60f7690,0x00000000d7c00000)
  from space 5120K, 0% used [0x00000000d8100000,0x00000000d8100000,0x00000000d8600000)
  to   space 5120K, 0% used [0x00000000d7c00000,0x00000000d7c00000,0x00000000d8100000)
 ParOldGen       total 87552K, used 0K [0x0000000081200000, 0x0000000086780000, 0x00000000d5b80000)
  object space 87552K, 0% used [0x0000000081200000,0x0000000081200000,0x0000000086780000)
 Metaspace       used 4618K, capacity 5460K, committed 5760K, reserved 1056768K
  class space    used 487K, capacity 528K, committed 640K, reserved 1048576K

Card table byte_map: [0x00000000119e0000,0x0000000011de0000] byte_map_base: 0x00000000115d7000

Marking Bits: (ParMarkBitMap*) 0x000000007477a6c0
 Begin Bits: [0x0000000012490000, 0x0000000014448000)
 End Bits:   [0x0000000014448000, 0x0000000016400000)

Polling page: 0x0000000000890000

CodeCache: size=245760Kb used=1503Kb max_used=1503Kb free=244256Kb
 bounds [0x0000000002620000, 0x0000000002890000, 0x0000000011620000]
 total_blobs=413 nmethods=166 adapters=168
 compilation: enabled

Compilation events (10 events):
Event: 52.735 Thread 0x00000000171fc800  162       3       java.util.concurrent.ConcurrentHashMap::addCount (292 bytes)
Event: 52.737 Thread 0x00000000171fc800 nmethod 162 0x0000000002780d10 code [0x0000000002780f20, 0x0000000002781b08]
Event: 52.737 Thread 0x00000000171fc800  163       3       sun.net.www.protocol.file.Handler::parseURL (18 bytes)
Event: 52.737 Thread 0x00000000171fc800 nmethod 163 0x0000000002781f50 code [0x00000000027820c0, 0x0000000002782338]
Event: 52.737 Thread 0x00000000171fc800  164       3       java.net.URLStreamHandler::parseURL (1158 bytes)
Event: 52.747 Thread 0x00000000171fc800 nmethod 164 0x0000000002782450 code [0x0000000002782fe0, 0x000000000278cbf8]
Event: 52.747 Thread 0x00000000171fc800  165       3       java.util.zip.Inflater::ensureOpen (47 bytes)
Event: 52.748 Thread 0x00000000171fc800 nmethod 165 0x0000000002793d10 code [0x0000000002793ea0, 0x00000000027941a8]
Event: 52.748 Thread 0x00000000171fc800  166   !   3       java.lang.ClassLoader::loadClass (122 bytes)
Event: 52.750 Thread 0x00000000171fc800 nmethod 166 0x00000000027942d0 code [0x0000000002794660, 0x0000000002796998]

GC Heap History (0 events):
No events

Deoptimization events (4 events):
Event: 52.728 Thread 0x000000000240e000 Uncommon trap: reason=unhandled action=none pc=0x000000000277ec88 method=net.sf.jsqlparser.parser.CCJSqlParser.jj_scan_token(I)Z @ 170
Event: 52.730 Thread 0x000000000240e000 Uncommon trap: reason=unhandled action=none pc=0x000000000277ec88 method=net.sf.jsqlparser.parser.CCJSqlParser.jj_scan_token(I)Z @ 170
Event: 52.733 Thread 0x000000000240e000 Uncommon trap: reason=unhandled action=none pc=0x000000000277ec88 method=net.sf.jsqlparser.parser.CCJSqlParser.jj_scan_token(I)Z @ 170
Event: 52.734 Thread 0x000000000240e000 Uncommon trap: reason=unhandled action=none pc=0x000000000277ec88 method=net.sf.jsqlparser.parser.CCJSqlParser.jj_scan_token(I)Z @ 170

Internal exceptions (6 events):
Event: 0.046 Thread 0x000000000240e000 Exception <a 'java/lang/NoSuchMethodError': Method sun.misc.Unsafe.defineClass(Ljava/lang/String;[BII)Ljava/lang/Class; name or signature does not match> (0x00000000d5b87c78) thrown at [C:\re\workspace\8-2-build-windows-amd64-cygwin\jdk8u111\7883\hotspot\
Event: 0.046 Thread 0x000000000240e000 Exception <a 'java/lang/NoSuchMethodError': Method sun.misc.Unsafe.prefetchRead(Ljava/lang/Object;J)V name or signature does not match> (0x00000000d5b87f60) thrown at [C:\re\workspace\8-2-build-windows-amd64-cygwin\jdk8u111\7883\hotspot\src\share\vm\prims
Event: 0.280 Thread 0x000000000240e000 Exception <a 'java/security/PrivilegedActionException'> (0x00000000d5ddb8e8) thrown at [C:\re\workspace\8-2-build-windows-amd64-cygwin\jdk8u111\7883\hotspot\src\share\vm\prims\jvm.cpp, line 1386]
Event: 0.280 Thread 0x000000000240e000 Exception <a 'java/security/PrivilegedActionException'> (0x00000000d5ddbce0) thrown at [C:\re\workspace\8-2-build-windows-amd64-cygwin\jdk8u111\7883\hotspot\src\share\vm\prims\jvm.cpp, line 1386]
Event: 0.281 Thread 0x000000000240e000 Exception <a 'java/security/PrivilegedActionException'> (0x00000000d5ddfb10) thrown at [C:\re\workspace\8-2-build-windows-amd64-cygwin\jdk8u111\7883\hotspot\src\share\vm\prims\jvm.cpp, line 1386]
Event: 0.281 Thread 0x000000000240e000 Exception <a 'java/security/PrivilegedActionException'> (0x00000000d5ddff08) thrown at [C:\re\workspace\8-2-build-windows-amd64-cygwin\jdk8u111\7883\hotspot\src\share\vm\prims\jvm.cpp, line 1386]

Events (10 events):
Event: 727.134 Executing VM operation: ChangeBreakpoints done
Event: 727.137 Executing VM operation: EnterInterpOnlyMode
Event: 727.137 Executing VM operation: EnterInterpOnlyMode done
Event: 727.137 Executing VM operation: GetCurrentLocation
Event: 727.137 Executing VM operation: GetCurrentLocation done
Event: 727.138 Executing VM operation: ChangeSingleStep
Event: 727.138 Executing VM operation: ChangeSingleStep done
Event: 727.138 Executing VM operation: ChangeSingleStep
Event: 727.138 Executing VM operation: ChangeSingleStep done
Event: 727.211 Executing VM operation: GetOrSetLocal


Dynamic libraries:
0x00007ff73cc50000 - 0x00007ff73cc87000 	C:\Program Files\Java\jre1.8.0_111\bin\javaw.exe
0x00007ff9f2fc0000 - 0x00007ff9f3191000 	C:\WINDOWS\SYSTEM32\ntdll.dll
0x00007ff9f2370000 - 0x00007ff9f241b000 	C:\WINDOWS\System32\KERNEL32.DLL
0x00007ff9ef6d0000 - 0x00007ff9ef8ed000 	C:\WINDOWS\System32\KERNELBASE.dll
0x00007ff9f05b0000 - 0x00007ff9f0652000 	C:\WINDOWS\System32\ADVAPI32.dll
0x00007ff9f1d50000 - 0x00007ff9f1dee000 	C:\WINDOWS\System32\msvcrt.dll
0x00007ff9f2480000 - 0x00007ff9f24d9000 	C:\WINDOWS\System32\sechost.dll
0x00007ff9f2100000 - 0x00007ff9f2221000 	C:\WINDOWS\System32\RPCRT4.dll
0x00007ff9f1df0000 - 0x00007ff9f1f55000 	C:\WINDOWS\System32\USER32.dll
0x00007ff9f0530000 - 0x00007ff9f054e000 	C:\WINDOWS\System32\win32u.dll
0x00007ff9f2f80000 - 0x00007ff9f2fb4000 	C:\WINDOWS\System32\GDI32.dll
0x00007ff9f03a0000 - 0x00007ff9f0522000 	C:\WINDOWS\System32\gdi32full.dll
0x00007ff9e7cc0000 - 0x00007ff9e7f39000 	C:\WINDOWS\WinSxS\amd64_microsoft.windows.common-controls_6595b64144ccf1df_6.0.14393.447_none_42191651c6827bb3\COMCTL32.dll
0x00007ff9f2610000 - 0x00007ff9f28d8000 	C:\WINDOWS\System32\combase.dll
0x00007ff9effd0000 - 0x00007ff9f00c5000 	C:\WINDOWS\System32\ucrtbase.dll
0x00007ff9ef560000 - 0x00007ff9ef5ca000 	C:\WINDOWS\System32\bcryptPrimitives.dll
0x00007ff9f2340000 - 0x00007ff9f236e000 	C:\WINDOWS\System32\IMM32.DLL
0x0000000074d80000 - 0x0000000074e52000 	C:\Program Files\Java\jre1.8.0_111\bin\msvcr100.dll
0x0000000073f60000 - 0x00000000747fa000 	C:\Program Files\Java\jre1.8.0_111\bin\server\jvm.dll
0x00007ff9f25e0000 - 0x00007ff9f25e8000 	C:\WINDOWS\System32\PSAPI.DLL
0x00007ff9e38c0000 - 0x00007ff9e38c9000 	C:\WINDOWS\SYSTEM32\WSOCK32.dll
0x00007ff9ed0d0000 - 0x00007ff9ed0f3000 	C:\WINDOWS\SYSTEM32\WINMM.dll
0x00007ff9f2f10000 - 0x00007ff9f2f7a000 	C:\WINDOWS\System32\WS2_32.dll
0x00007ff9ecef0000 - 0x00007ff9ecf1b000 	C:\WINDOWS\SYSTEM32\WINMMBASE.dll
0x00007ff9ef680000 - 0x00007ff9ef6c2000 	C:\WINDOWS\System32\cfgmgr32.dll
0x00007ff9e4c70000 - 0x00007ff9e4c7a000 	C:\WINDOWS\SYSTEM32\VERSION.dll
0x0000000074f30000 - 0x0000000074f3f000 	C:\Program Files\Java\jre1.8.0_111\bin\verify.dll
0x0000000074f00000 - 0x0000000074f29000 	C:\Program Files\Java\jre1.8.0_111\bin\java.dll
0x0000000074d40000 - 0x0000000074d75000 	C:\Program Files\Java\jre1.8.0_111\bin\jdwp.dll
0x0000000074d30000 - 0x0000000074d38000 	C:\Program Files\Java\jre1.8.0_111\bin\npt.dll
0x0000000074ee0000 - 0x0000000074ef6000 	C:\Program Files\Java\jre1.8.0_111\bin\zip.dll
0x00007ff9f0660000 - 0x00007ff9f1b69000 	C:\WINDOWS\System32\SHELL32.dll
0x00007ff9ef8f0000 - 0x00007ff9effca000 	C:\WINDOWS\System32\windows.storage.dll
0x00007ff9ef450000 - 0x00007ff9ef49c000 	C:\WINDOWS\System32\powrprof.dll
0x00007ff9f0550000 - 0x00007ff9f05a2000 	C:\WINDOWS\System32\shlwapi.dll
0x00007ff9ef4a0000 - 0x00007ff9ef4af000 	C:\WINDOWS\System32\kernel.appcore.dll
0x00007ff9ef5d0000 - 0x00007ff9ef679000 	C:\WINDOWS\System32\shcore.dll
0x00007ff9ef420000 - 0x00007ff9ef434000 	C:\WINDOWS\System32\profapi.dll
0x0000000074d20000 - 0x0000000074d29000 	C:\Program Files\Java\jre1.8.0_111\bin\dt_socket.dll
0x00007ff9ddc60000 - 0x00007ff9ddc76000 	C:\WINDOWS\system32\napinsp.dll
0x00007ff9ddc40000 - 0x00007ff9ddc5a000 	C:\WINDOWS\system32\pnrpnsp.dll
0x00007ff9ed500000 - 0x00007ff9ed518000 	C:\WINDOWS\system32\NLAapi.dll
0x00007ff9eec20000 - 0x00007ff9eec7c000 	C:\WINDOWS\System32\mswsock.dll
0x00007ff9ee9f0000 - 0x00007ff9eea90000 	C:\WINDOWS\SYSTEM32\DNSAPI.dll
0x00007ff9f2230000 - 0x00007ff9f2238000 	C:\WINDOWS\System32\NSI.dll
0x00007ff9ee9b0000 - 0x00007ff9ee9e8000 	C:\WINDOWS\SYSTEM32\IPHLPAPI.DLL
0x00007ff9ddc30000 - 0x00007ff9ddc3e000 	C:\WINDOWS\System32\winrnr.dll
0x00000000752a0000 - 0x00000000752c6000 	C:\Program Files\Bonjour\mdnsNSP.dll
0x00007ff9e70d0000 - 0x00007ff9e713a000 	C:\WINDOWS\System32\fwpuclnt.dll
0x00007ff9ef360000 - 0x00007ff9ef38b000 	C:\WINDOWS\SYSTEM32\bcrypt.dll
0x00007ff9e39a0000 - 0x00007ff9e39aa000 	C:\Windows\System32\rasadhlp.dll

VM Arguments:
jvm_args: -agentlib:jdwp=transport=dt_socket,suspend=y,address=localhost:54922 -Dfile.encoding=Cp1252 
java_command: Query
java_class_path (initial): C:\Users\Marty\workspace\SemesterProject\target\classes;C:\Users\Marty\Documents\YU Fall 2016\Data Structures\Marty-Spiewak\Parser\simplesqlparser\SimpleSQLParser\target\classes;C:\Users\Marty\.m2\repository\com\github\jsqlparser\jsqlparser\0.9.6\jsqlparser-0.9.6.jar
Launcher Type: SUN_STANDARD

Environment Variables:
JAVA_HOME=C:\Program Files\Java\jdk1.8.0_101\
PATH=C:/Program Files/Java/jre1.8.0_111/bin/server;C:/Program Files/Java/jre1.8.0_111/bin;C:/Program Files/Java/jre1.8.0_111/lib/amd64;C:\ProgramData\Oracle\Java\javapath;c:\Program Files (x86)\Intel\iCLS Client\;c:\Program Files\Intel\iCLS Client\;C:\WINDOWS\system32;C:\WINDOWS;C:\WINDOWS\System32\Wbem;C:\WINDOWS\System32\WindowsPowerShell\v1.0\;C:\Program Files\Intel\Intel(R) Management Engine Components\DAL;C:\Program Files\Intel\Intel(R) Management Engine Components\IPT;C:\Program Files (x86)\Intel\Intel(R) Management Engine Components\DAL;C:\Program Files (x86)\Intel\Intel(R) Management Engine Components\IPT;C:\Program Files\Intel\WiFi\bin\;C:\Program Files\Common Files\Intel\WirelessCommon\;C:\Program Files\Git\cmd;C:\Program Files\Java\jdk1.8.0_101\bin;C:\Program Files\Apache\Maven\apache-maven-3.3.9\bin;C:\Users\Marty\AppData\Local\Microsoft\WindowsApps;;C:\Users\Marty\Downloads\eclipse-java-neon-R-win32-x86_64\eclipse;
USERNAME=Marty
OS=Windows_NT
PROCESSOR_IDENTIFIER=Intel64 Family 6 Model 69 Stepping 1, GenuineIntel



---------------  S Y S T E M  ---------------

OS: Windows 10.0 , 64 bit Build 14393 (10.0.14393.0)

CPU:total 4 (2 cores per cpu, 2 threads per core) family 6 model 69 stepping 1, cmov, cx8, fxsr, mmx, sse, sse2, sse3, ssse3, sse4.1, sse4.2, popcnt, avx, avx2, aes, clmul, erms, lzcnt, ht, tsc, tscinvbit, bmi1, bmi2

Memory: 4k page, physical 8311064k(3839676k free), swap 22991128k(16742460k free)

vm_info: Java HotSpot(TM) 64-Bit Server VM (25.111-b14) for windows-amd64 JRE (1.8.0_111-b14), built on Sep 22 2016 19:24:05 by "java_re" with MS VC++ 10.0 (VS2010)

time: Sun Jan 01 18:19:50 2017
elapsed time: 727 seconds (0d 0h 12m 7s)

