#
# There is insufficient memory for the Java Runtime Environment to continue.
# Native memory allocation (malloc) failed to allocate 1048576 bytes for AllocateHeap
# Possible reasons:
#   The system is out of physical RAM or swap space
#   In 32 bit mode, the process size limit was hit
# Possible solutions:
#   Reduce memory load on the system
#   Increase physical memory or swap space
#   Check if swap backing store is full
#   Use 64 bit Java on a 64 bit OS
#   Decrease Java heap size (-Xmx/-Xms)
#   Decrease number of Java threads
#   Decrease Java thread stack sizes (-Xss)
#   Set larger code cache with -XX:ReservedCodeCacheSize=
# This output file may be truncated or incomplete.
#
#  Out of Memory Error (memory/allocation.inline.hpp:61), pid=8020, tid=0x0000000000001838
#
# JRE version:  (8.0_111-b14) (build )
# Java VM: Java HotSpot(TM) 64-Bit Server VM (25.111-b14 mixed mode windows-amd64 compressed oops)
# Failed to write core dump. Minidumps are not enabled by default on client versions of Windows
#

---------------  T H R E A D  ---------------

Current thread (0x0000000002ba0800):  JavaThread "Unknown thread" [_thread_in_vm, id=6200, stack(0x0000000002aa0000,0x0000000002ba0000)]

Stack: [0x0000000002aa0000,0x0000000002ba0000]
[error occurred during error reporting (printing stack bounds), id 0xc0000005]

Native frames: (J=compiled Java code, j=interpreted, Vv=VM code, C=native code)


---------------  P R O C E S S  ---------------

Java Threads: ( => current thread )

Other Threads:

=>0x0000000002ba0800 (exited) JavaThread "Unknown thread" [_thread_in_vm, id=6200, stack(0x0000000002aa0000,0x0000000002ba0000)]

VM state:not at safepoint (normal execution)

VM Mutex/Monitor currently owned by a thread: None

Heap:
 PSYoungGen      total 38400K, used 665K [0x00000000d5b80000, 0x00000000d8600000, 0x0000000100000000)
  eden space 33280K, 2% used [0x00000000d5b80000,0x00000000d5c26670,0x00000000d7c00000)
  from space 5120K, 0% used [0x00000000d8100000,0x00000000d8100000,0x00000000d8600000)
  to   space 5120K, 0% used [0x00000000d7c00000,0x00000000d7c00000,0x00000000d8100000)
 ParOldGen       total 87552K, used 0K [0x0000000081200000, 0x0000000086780000, 0x00000000d5b80000)
  object space 87552K, 0% used [0x0000000081200000,0x0000000081200000,0x0000000086780000)
 Metaspace       used 746K, capacity 4480K, committed 4480K, reserved 1056768K
  class space    used 75K, capacity 384K, committed 384K, reserved 1048576K

Card table byte_map: [0x0000000012060000,0x0000000012460000] byte_map_base: 0x0000000011c57000

Marking Bits: (ParMarkBitMap*) 0x0000000071e4a6c0
 Begin Bits: [0x0000000012b10000, 0x0000000014ac8000)
 End Bits:   [0x0000000014ac8000, 0x0000000016a80000)

Polling page: 0x0000000002a10000

CodeCache: size=245760Kb used=328Kb max_used=328Kb free=245431Kb
 bounds [0x0000000002ca0000, 0x0000000002f10000, 0x0000000011ca0000]
 total_blobs=58 nmethods=0 adapters=38
 compilation: enabled

Compilation events (0 events):
No events

GC Heap History (0 events):
No events

Deoptimization events (0 events):
No events

Internal exceptions (0 events):
No events

Events (10 events):
Event: 0.196 loading class java/lang/Short
Event: 0.196 loading class java/lang/Short done
Event: 0.196 loading class java/lang/Integer
Event: 0.197 loading class java/lang/Integer done
Event: 0.197 loading class java/lang/Long
Event: 0.197 loading class java/lang/Long done
Event: 0.198 loading class java/lang/NullPointerException
Event: 0.199 loading class java/lang/NullPointerException done
Event: 0.199 loading class java/lang/ArithmeticException
Event: 0.199 loading class java/lang/ArithmeticException done


Dynamic libraries:
0x00007ff7cd7f0000 - 0x00007ff7cd827000 	C:\Program Files\Java\jre1.8.0_111\bin\javaw.exe
0x00007ff9cfd00000 - 0x00007ff9cfed1000 	C:\WINDOWS\SYSTEM32\ntdll.dll
0x00007ff9ceee0000 - 0x00007ff9cef8b000 	C:\WINDOWS\System32\KERNEL32.DLL
0x00007ff9ccda0000 - 0x00007ff9ccfbd000 	C:\WINDOWS\System32\KERNELBASE.dll
0x00007ff9cd720000 - 0x00007ff9cd7c2000 	C:\WINDOWS\System32\ADVAPI32.dll
0x00007ff9cf1e0000 - 0x00007ff9cf27e000 	C:\WINDOWS\System32\msvcrt.dll
0x00007ff9cee80000 - 0x00007ff9ceed9000 	C:\WINDOWS\System32\sechost.dll
0x00007ff9cd7d0000 - 0x00007ff9cd8f1000 	C:\WINDOWS\System32\RPCRT4.dll
0x00007ff9cf7a0000 - 0x00007ff9cf905000 	C:\WINDOWS\System32\USER32.dll
0x00007ff9cc4d0000 - 0x00007ff9cc4ee000 	C:\WINDOWS\System32\win32u.dll
0x00007ff9cef90000 - 0x00007ff9cefc4000 	C:\WINDOWS\System32\GDI32.dll
0x00007ff9cc2e0000 - 0x00007ff9cc462000 	C:\WINDOWS\System32\gdi32full.dll
0x00007ff9c28b0000 - 0x00007ff9c2b29000 	C:\WINDOWS\WinSxS\amd64_microsoft.windows.common-controls_6595b64144ccf1df_6.0.14393.447_none_42191651c6827bb3\COMCTL32.dll
0x00007ff9cfa10000 - 0x00007ff9cfcd8000 	C:\WINDOWS\System32\combase.dll
0x00007ff9cd030000 - 0x00007ff9cd125000 	C:\WINDOWS\System32\ucrtbase.dll
0x00007ff9ccfc0000 - 0x00007ff9cd02a000 	C:\WINDOWS\System32\bcryptPrimitives.dll
0x00007ff9cf1b0000 - 0x00007ff9cf1de000 	C:\WINDOWS\System32\IMM32.DLL
0x0000000071550000 - 0x0000000071622000 	C:\Program Files\Java\jre1.8.0_111\bin\msvcr100.dll
0x0000000071630000 - 0x0000000071eca000 	C:\Program Files\Java\jre1.8.0_111\bin\server\jvm.dll
0x00007ff9cfcf0000 - 0x00007ff9cfcf8000 	C:\WINDOWS\System32\PSAPI.DLL
0x00007ff9bc230000 - 0x00007ff9bc239000 	C:\WINDOWS\SYSTEM32\WSOCK32.dll
0x00007ff9ca060000 - 0x00007ff9ca083000 	C:\WINDOWS\SYSTEM32\WINMM.dll
0x00007ff9cf140000 - 0x00007ff9cf1aa000 	C:\WINDOWS\System32\WS2_32.dll
0x00007ff9c1a70000 - 0x00007ff9c1a7a000 	C:\WINDOWS\SYSTEM32\VERSION.dll
0x00007ff9ca000000 - 0x00007ff9ca02b000 	C:\WINDOWS\SYSTEM32\WINMMBASE.dll
0x00007ff9cc290000 - 0x00007ff9cc2d2000 	C:\WINDOWS\System32\cfgmgr32.dll
0x00000000723b0000 - 0x00000000723bf000 	C:\Program Files\Java\jre1.8.0_111\bin\verify.dll
0x0000000072380000 - 0x00000000723a9000 	C:\Program Files\Java\jre1.8.0_111\bin\java.dll
0x0000000072360000 - 0x0000000072376000 	C:\Program Files\Java\jre1.8.0_111\bin\zip.dll

VM Arguments:
jvm_args: -Dfile.encoding=Cp1252 
java_command: Query
java_class_path (initial): C:\Users\Marty\workspace\SemesterProject\target\classes;C:\Users\Marty\Documents\YU Fall 2016\Data Structures\Marty-Spiewak\Parser\simplesqlparser\SimpleSQLParser\target\classes;C:\Users\Marty\.m2\repository\com\github\jsqlparser\jsqlparser\0.9.6\jsqlparser-0.9.6.jar
Launcher Type: SUN_STANDARD

Environment Variables:
JAVA_HOME=C:\Program Files\Java\jdk1.8.0_101\
PATH=C:/Program Files/Java/jre1.8.0_111/bin/server;C:/Program Files/Java/jre1.8.0_111/bin;C:/Program Files/Java/jre1.8.0_111/lib/amd64;C:\ProgramData\Oracle\Java\javapath;c:\Program Files (x86)\Intel\iCLS Client\;c:\Program Files\Intel\iCLS Client\;C:\WINDOWS\system32;C:\WINDOWS;C:\WINDOWS\System32\Wbem;C:\WINDOWS\System32\WindowsPowerShell\v1.0\;C:\Program Files\Intel\Intel(R) Management Engine Components\DAL;C:\Program Files\Intel\Intel(R) Management Engine Components\IPT;C:\Program Files (x86)\Intel\Intel(R) Management Engine Components\DAL;C:\Program Files (x86)\Intel\Intel(R) Management Engine Components\IPT;C:\Program Files\Intel\WiFi\bin\;C:\Program Files\Common Files\Intel\WirelessCommon\;C:\Program Files\Git\cmd;C:\Program Files\Java\jdk1.8.0_101\bin;C:\Program Files\Apache\Maven\apache-maven-3.3.9\bin;C:\Users\Marty\AppData\Local\Microsoft\WindowsApps;;C:\Users\Marty\Downloads\eclipse-java-neon-R-win32-x86_64\eclipse;
USERNAME=Marty
OS=Windows_NT
PROCESSOR_IDENTIFIER=Intel64 Family 6 Model 69 Stepping 1, GenuineIntel



---------------  S Y S T E M  ---------------

OS: Windows 10.0 , 64 bit Build 14393 (10.0.14393.0)

CPU:total 4 (2 cores per cpu, 2 threads per core) family 6 model 69 stepping 1, cmov, cx8, fxsr, mmx, sse, sse2, sse3, ssse3, sse4.1, sse4.2, popcnt, avx, avx2, aes, clmul, erms, lzcnt, ht, tsc, tscinvbit, bmi1, bmi2

Memory: 4k page, physical 8311064k(1953376k free), swap 33476888k(4592k free)

vm_info: Java HotSpot(TM) 64-Bit Server VM (25.111-b14) for windows-amd64 JRE (1.8.0_111-b14), built on Sep 22 2016 19:24:05 by "java_re" with MS VC++ 10.0 (VS2010)

time: Sun Jan 01 12:13:47 2017
elapsed time: 0 seconds (0d 0h 0m 0s)

